TN:
SF:src/add.js
FN:1,add
FNF:1
FNH:1
FNDA:4,add
DA:1,4
DA:2,4
DA:3,4
DA:4,1
DA:5,1
LF:5
LH:5
BRDA:1,0,0,4
BRF:1
BRH:1
end_of_record
TN:
SF:src/fizzbuzz.js
FN:1,fizzBuzz
FNF:1
FNH:1
FNDA:55,fizzBuzz
DA:1,55
DA:2,55
DA:3,5
DA:4,55
DA:5,14
DA:6,50
DA:7,8
DA:8,36
DA:9,28
DA:10,28
DA:11,55
DA:12,1
DA:13,1
DA:14,1
DA:15,1
DA:16,1
DA:17,1
DA:18,1
DA:19,51
DA:20,51
DA:21,1
DA:22,1
LF:22
LH:22
BRDA:18,0,0,51
BRDA:1,1,0,55
BRDA:2,2,0,5
BRDA:4,3,0,50
BRDA:4,4,0,14
BRDA:6,5,0,36
BRDA:6,6,0,8
BRDA:8,7,0,28
BRF:8
BRH:8
end_of_record
TN:
SF:src/searchCandies.js
FN:1,searchCandies
FNF:1
FNH:1
FNDA:8,searchCandies
DA:1,1
DA:2,8
DA:3,8
DA:4,104
DA:5,104
DA:6,8
DA:7,20
DA:8,20
DA:9,8
DA:10,16
DA:11,16
DA:12,8
DA:13,1
DA:14,1
DA:15,1
DA:16,1
DA:17,1
DA:18,1
DA:19,1
DA:20,1
DA:21,1
DA:22,1
DA:23,1
DA:24,1
DA:25,1
DA:26,1
DA:27,1
DA:28,1
DA:29,1
DA:30,1
DA:31,1
DA:32,1
DA:33,1
DA:34,1
DA:35,1
DA:36,1
DA:37,1
DA:38,1
LF:38
LH:38
BRDA:1,0,0,8
BRDA:3,1,0,104
BRDA:6,2,0,20
BRDA:9,3,0,16
BRF:4
BRH:4
end_of_record
TN:
SF:src/user.js
FN:3,User
FN:7,getName
FN:11,getIntroduction
FNF:3
FNH:3
FNDA:4,User
FNDA:1,getName
FNDA:1,getIntroduction
DA:1,1
DA:2,1
DA:3,1
DA:4,4
DA:5,4
DA:6,1
DA:7,1
DA:8,1
DA:9,1
DA:10,1
DA:11,1
DA:12,1
DA:13,1
DA:14,1
DA:15,1
DA:16,1
DA:17,1
DA:18,1
LF:18
LH:18
BRDA:3,0,0,4
BRDA:7,1,0,1
BRDA:11,2,0,1
BRF:3
BRH:3
end_of_record
TN:
SF:src/userBase.js
FN:4,UserBase
FN:8,count
FN:12,getNames
FN:18,getIntroductions
FNF:4
FNH:4
FNDA:1,UserBase
FNDA:1,count
FNDA:1,getNames
FNDA:1,getIntroductions
DA:1,1
DA:2,1
DA:3,1
DA:4,1
DA:5,1
DA:6,1
DA:7,1
DA:8,1
DA:9,1
DA:10,1
DA:11,1
DA:12,1
DA:13,1
DA:14,3
DA:15,3
DA:16,1
DA:17,1
DA:18,1
DA:19,1
DA:20,3
DA:21,3
DA:22,1
DA:23,1
DA:24,1
DA:25,1
DA:26,1
DA:27,1
DA:28,1
DA:29,1
DA:30,1
DA:31,1
DA:32,1
DA:33,1
DA:34,1
DA:35,1
DA:36,1
LF:36
LH:36
BRDA:4,0,0,1
BRDA:8,1,0,1
BRDA:12,2,0,1
BRDA:13,3,0,3
BRDA:18,4,0,1
BRDA:19,5,0,3
BRF:6
BRH:6
end_of_record
