TN:
SF:src/add.js
FN:1,add
FNF:1
FNH:1
FNDA:4,add
DA:1,4
DA:2,4
DA:3,4
DA:4,1
DA:5,1
LF:5
LH:5
BRDA:1,0,0,4
BRF:1
BRH:1
end_of_record
TN:
SF:src/fizzbuzz.js
FN:1,fizzBuzz
FNF:1
FNH:1
FNDA:55,fizzBuzz
DA:1,55
DA:2,55
DA:3,5
DA:4,55
DA:5,14
DA:6,50
DA:7,8
DA:8,36
DA:9,28
DA:10,28
DA:11,55
DA:12,1
DA:13,1
DA:14,1
DA:15,1
DA:16,1
DA:17,1
DA:18,1
DA:19,51
DA:20,51
DA:21,1
DA:22,1
LF:22
LH:22
BRDA:18,0,0,51
BRDA:1,1,0,55
BRDA:2,2,0,5
BRDA:4,3,0,50
BRDA:4,4,0,14
BRDA:6,5,0,36
BRDA:6,6,0,8
BRDA:8,7,0,28
BRF:8
BRH:8
end_of_record
